<?xml version="1.0" encoding="UTF-8"?>
<testrun name="TST_CadastrarFormulario" project="NeowaySelenium" tests="1" started="1" failures="0" errors="2" ignored="0">
  <testsuite name="TST_CadastrarFormulario.TST_CadastrarFormulario" time="53.38">
    <testcase name="cadastrarFormulario" classname="TST_CadastrarFormulario.TST_CadastrarFormulario" time="53.38">
      <error>org.openqa.selenium.WebDriverException: Failed to connect to binary FirefoxBinary(C:\Program Files (x86)\Mozilla Firefox\firefox.exe) on port 7055; process output follows: 
te":2,"seen":true}&#13;
1466362352433	addons.xpi	DEBUG	Updating XPIState for {"id":"sp@avast.com","syncGUID":"MQexb0Di1vqs","location":"winreg-app-global","version":"10.3.5.39","type":"extension","internalName":null,"updateURL":null,"updateKey":null,"optionsURL":null,"optionsType":null,"aboutURL":null,"icons":{},"iconURL":"chrome://sp/content/common/skin/img/logo-safeprice-48.png","icon64URL":null,"defaultLocale":{"name":"Avast SafePrice","description":"Safe shopping extension","creator":"AVAST Software","homepageURL":"http://www.avast.com/"},"visible":true,"active":false,"userDisabled":true,"appDisabled":false,"descriptor":"C:\\Program Files\\AVAST Software\\Avast\\SafePrice\\FF","installDate":1462589507452,"updateDate":1462589507452,"applyBackgroundUpdates":1,"bootstrap":true,"skinnable":false,"size":1877359,"sourceURI":null,"releaseNotesURI":null,"softDisabled":false,"foreignInstall":true,"hasBinaryComponents":false,"strictCompatibility":false,"locales":[],"targetApplications":[{"id":"{ec8030f7-c20a-464f-9b0e-13a3a9e97384}","minVersion":"38.0a1","maxVersion":"43.0"}],"targetPlatforms":[],"multiprocessCompatible":false,"signedState":2,"seen":true}&#13;
1466362352433	DeferredSave.extensions.json	DEBUG	Save changes&#13;
1466362352433	addons.xpi	DEBUG	Updating database with changes to installed add-ons&#13;
1466362352433	addons.xpi-utils	DEBUG	Updating add-on states&#13;
1466362352435	addons.xpi-utils	DEBUG	Writing add-ons list&#13;
1466362352438	addons.xpi	DEBUG	Registering manifest for C:\Program Files (x86)\Mozilla Firefox\browser\features\e10srollout@mozilla.org.xpi&#13;
1466362352438	addons.xpi	DEBUG	Calling bootstrap method startup on e10srollout@mozilla.org version 1.0&#13;
1466362352439	addons.xpi	DEBUG	Registering manifest for C:\Program Files (x86)\Mozilla Firefox\browser\features\firefox@getpocket.com.xpi&#13;
1466362352440	addons.xpi	DEBUG	Calling bootstrap method startup on firefox@getpocket.com version 1.0&#13;
1466362352441	addons.xpi	DEBUG	Registering manifest for C:\Program Files (x86)\Mozilla Firefox\browser\features\loop@mozilla.org.xpi&#13;
1466362352442	addons.xpi	DEBUG	Calling bootstrap method startup on loop@mozilla.org version 1.2.6&#13;
1466362352514	addons.manager	DEBUG	Registering shutdown blocker for XPIProvider&#13;
1466362352514	addons.manager	DEBUG	Provider finished startup: XPIProvider&#13;
1466362352514	addons.manager	DEBUG	Starting provider: LightweightThemeManager&#13;
1466362352514	addons.manager	DEBUG	Registering shutdown blocker for LightweightThemeManager&#13;
1466362352514	addons.manager	DEBUG	Provider finished startup: LightweightThemeManager&#13;
1466362352515	addons.manager	DEBUG	Starting provider: GMPProvider&#13;
1466362352523	addons.manager	DEBUG	Registering shutdown blocker for GMPProvider&#13;
1466362352523	addons.manager	DEBUG	Provider finished startup: GMPProvider&#13;
1466362352523	addons.manager	DEBUG	Starting provider: PluginProvider&#13;
1466362352523	addons.manager	DEBUG	Registering shutdown blocker for PluginProvider&#13;
1466362352524	addons.manager	DEBUG	Provider finished startup: PluginProvider&#13;
1466362352524	addons.manager	DEBUG	Completed startup sequence&#13;
1466362355846	DeferredSave.extensions.json	DEBUG	Starting timer&#13;
1466362355902	addons.manager	DEBUG	Starting provider: &lt;unnamed-provider&gt;&#13;
1466362355902	addons.manager	DEBUG	Registering shutdown blocker for &lt;unnamed-provider&gt;&#13;
1466362355902	addons.manager	DEBUG	Provider finished startup: &lt;unnamed-provider&gt;&#13;
1466362357629	DeferredSave.extensions.json	DEBUG	Starting write&#13;
1466362358143	addons.repository	DEBUG	No addons.json found.&#13;
1466362358144	DeferredSave.addons.json	DEBUG	Save changes&#13;
1466362358160	DeferredSave.addons.json	DEBUG	Starting timer&#13;
1466362359086	addons.manager	DEBUG	Starting provider: PreviousExperimentProvider&#13;
1466362359086	addons.manager	DEBUG	Registering shutdown blocker for PreviousExperimentProvider&#13;
1466362359086	addons.manager	DEBUG	Provider finished startup: PreviousExperimentProvider&#13;
1466362359095	DeferredSave.addons.json	DEBUG	Starting write&#13;
1466362359098	DeferredSave.extensions.json	DEBUG	Write succeeded&#13;
1466362360951	DeferredSave.addons.json	DEBUG	Write succeeded&#13;

Build info: version: '2.50.1', revision: 'd7fc91b', time: '2016-01-29 19:04:49'
System info: host: 'Luciano-PC', ip: '10.0.0.100', os.name: 'Windows 7', os.arch: 'amd64', os.version: '6.1', java.version: '1.8.0_91'
Driver info: driver.version: FirefoxDriver&#13;
	at org.openqa.selenium.firefox.internal.NewProfileExtensionConnection.start(NewProfileExtensionConnection.java:134)&#13;
	at org.openqa.selenium.firefox.FirefoxDriver.startClient(FirefoxDriver.java:271)&#13;
	at org.openqa.selenium.remote.RemoteWebDriver.&lt;init&gt;(RemoteWebDriver.java:119)&#13;
	at org.openqa.selenium.firefox.FirefoxDriver.&lt;init&gt;(FirefoxDriver.java:218)&#13;
	at org.openqa.selenium.firefox.FirefoxDriver.&lt;init&gt;(FirefoxDriver.java:211)&#13;
	at org.openqa.selenium.firefox.FirefoxDriver.&lt;init&gt;(FirefoxDriver.java:207)&#13;
	at org.openqa.selenium.firefox.FirefoxDriver.&lt;init&gt;(FirefoxDriver.java:120)&#13;
	at TST_CadastrarFormulario.TST_CadastrarFormulario.setUp(TST_CadastrarFormulario.java:32)&#13;
	at sun.reflect.NativeMethodAccessorImpl.invoke0(Native Method)&#13;
	at sun.reflect.NativeMethodAccessorImpl.invoke(Unknown Source)&#13;
	at sun.reflect.DelegatingMethodAccessorImpl.invoke(Unknown Source)&#13;
	at java.lang.reflect.Method.invoke(Unknown Source)&#13;
	at org.junit.runners.model.FrameworkMethod$1.runReflectiveCall(FrameworkMethod.java:50)&#13;
	at org.junit.internal.runners.model.ReflectiveCallable.run(ReflectiveCallable.java:12)&#13;
	at org.junit.runners.model.FrameworkMethod.invokeExplosively(FrameworkMethod.java:47)&#13;
	at org.junit.internal.runners.statements.RunBefores.evaluate(RunBefores.java:24)&#13;
	at org.junit.internal.runners.statements.RunAfters.evaluate(RunAfters.java:27)&#13;
	at org.junit.runners.ParentRunner.runLeaf(ParentRunner.java:325)&#13;
	at org.junit.runners.BlockJUnit4ClassRunner.runChild(BlockJUnit4ClassRunner.java:78)&#13;
	at org.junit.runners.BlockJUnit4ClassRunner.runChild(BlockJUnit4ClassRunner.java:57)&#13;
	at org.junit.runners.ParentRunner$3.run(ParentRunner.java:290)&#13;
	at org.junit.runners.ParentRunner$1.schedule(ParentRunner.java:71)&#13;
	at org.junit.runners.ParentRunner.runChildren(ParentRunner.java:288)&#13;
	at org.junit.runners.ParentRunner.access$000(ParentRunner.java:58)&#13;
	at org.junit.runners.ParentRunner$2.evaluate(ParentRunner.java:268)&#13;
	at org.junit.runners.ParentRunner.run(ParentRunner.java:363)&#13;
	at org.eclipse.jdt.internal.junit4.runner.JUnit4TestReference.run(JUnit4TestReference.java:50)&#13;
	at org.eclipse.jdt.internal.junit.runner.TestExecution.run(TestExecution.java:38)&#13;
	at org.eclipse.jdt.internal.junit.runner.RemoteTestRunner.runTests(RemoteTestRunner.java:467)&#13;
	at org.eclipse.jdt.internal.junit.runner.RemoteTestRunner.runTests(RemoteTestRunner.java:683)&#13;
	at org.eclipse.jdt.internal.junit.runner.RemoteTestRunner.run(RemoteTestRunner.java:390)&#13;
	at org.eclipse.jdt.internal.junit.runner.RemoteTestRunner.main(RemoteTestRunner.java:197)&#13;
Caused by: org.openqa.selenium.firefox.NotConnectedException: Unable to connect to host 127.0.0.1 on port 7055 after 45000 ms. Firefox console output:
te":2,"seen":true}&#13;
1466362352433	addons.xpi	DEBUG	Updating XPIState for {"id":"sp@avast.com","syncGUID":"MQexb0Di1vqs","location":"winreg-app-global","version":"10.3.5.39","type":"extension","internalName":null,"updateURL":null,"updateKey":null,"optionsURL":null,"optionsType":null,"aboutURL":null,"icons":{},"iconURL":"chrome://sp/content/common/skin/img/logo-safeprice-48.png","icon64URL":null,"defaultLocale":{"name":"Avast SafePrice","description":"Safe shopping extension","creator":"AVAST Software","homepageURL":"http://www.avast.com/"},"visible":true,"active":false,"userDisabled":true,"appDisabled":false,"descriptor":"C:\\Program Files\\AVAST Software\\Avast\\SafePrice\\FF","installDate":1462589507452,"updateDate":1462589507452,"applyBackgroundUpdates":1,"bootstrap":true,"skinnable":false,"size":1877359,"sourceURI":null,"releaseNotesURI":null,"softDisabled":false,"foreignInstall":true,"hasBinaryComponents":false,"strictCompatibility":false,"locales":[],"targetApplications":[{"id":"{ec8030f7-c20a-464f-9b0e-13a3a9e97384}","minVersion":"38.0a1","maxVersion":"43.0"}],"targetPlatforms":[],"multiprocessCompatible":false,"signedState":2,"seen":true}&#13;
1466362352433	DeferredSave.extensions.json	DEBUG	Save changes&#13;
1466362352433	addons.xpi	DEBUG	Updating database with changes to installed add-ons&#13;
1466362352433	addons.xpi-utils	DEBUG	Updating add-on states&#13;
1466362352435	addons.xpi-utils	DEBUG	Writing add-ons list&#13;
1466362352438	addons.xpi	DEBUG	Registering manifest for C:\Program Files (x86)\Mozilla Firefox\browser\features\e10srollout@mozilla.org.xpi&#13;
1466362352438	addons.xpi	DEBUG	Calling bootstrap method startup on e10srollout@mozilla.org version 1.0&#13;
1466362352439	addons.xpi	DEBUG	Registering manifest for C:\Program Files (x86)\Mozilla Firefox\browser\features\firefox@getpocket.com.xpi&#13;
1466362352440	addons.xpi	DEBUG	Calling bootstrap method startup on firefox@getpocket.com version 1.0&#13;
1466362352441	addons.xpi	DEBUG	Registering manifest for C:\Program Files (x86)\Mozilla Firefox\browser\features\loop@mozilla.org.xpi&#13;
1466362352442	addons.xpi	DEBUG	Calling bootstrap method startup on loop@mozilla.org version 1.2.6&#13;
1466362352514	addons.manager	DEBUG	Registering shutdown blocker for XPIProvider&#13;
1466362352514	addons.manager	DEBUG	Provider finished startup: XPIProvider&#13;
1466362352514	addons.manager	DEBUG	Starting provider: LightweightThemeManager&#13;
1466362352514	addons.manager	DEBUG	Registering shutdown blocker for LightweightThemeManager&#13;
1466362352514	addons.manager	DEBUG	Provider finished startup: LightweightThemeManager&#13;
1466362352515	addons.manager	DEBUG	Starting provider: GMPProvider&#13;
1466362352523	addons.manager	DEBUG	Registering shutdown blocker for GMPProvider&#13;
1466362352523	addons.manager	DEBUG	Provider finished startup: GMPProvider&#13;
1466362352523	addons.manager	DEBUG	Starting provider: PluginProvider&#13;
1466362352523	addons.manager	DEBUG	Registering shutdown blocker for PluginProvider&#13;
1466362352524	addons.manager	DEBUG	Provider finished startup: PluginProvider&#13;
1466362352524	addons.manager	DEBUG	Completed startup sequence&#13;
1466362355846	DeferredSave.extensions.json	DEBUG	Starting timer&#13;
1466362355902	addons.manager	DEBUG	Starting provider: &lt;unnamed-provider&gt;&#13;
1466362355902	addons.manager	DEBUG	Registering shutdown blocker for &lt;unnamed-provider&gt;&#13;
1466362355902	addons.manager	DEBUG	Provider finished startup: &lt;unnamed-provider&gt;&#13;
1466362357629	DeferredSave.extensions.json	DEBUG	Starting write&#13;
1466362358143	addons.repository	DEBUG	No addons.json found.&#13;
1466362358144	DeferredSave.addons.json	DEBUG	Save changes&#13;
1466362358160	DeferredSave.addons.json	DEBUG	Starting timer&#13;
1466362359086	addons.manager	DEBUG	Starting provider: PreviousExperimentProvider&#13;
1466362359086	addons.manager	DEBUG	Registering shutdown blocker for PreviousExperimentProvider&#13;
1466362359086	addons.manager	DEBUG	Provider finished startup: PreviousExperimentProvider&#13;
1466362359095	DeferredSave.addons.json	DEBUG	Starting write&#13;
1466362359098	DeferredSave.extensions.json	DEBUG	Write succeeded&#13;
1466362360951	DeferredSave.addons.json	DEBUG	Write succeeded&#13;
&#13;
	at org.openqa.selenium.firefox.internal.NewProfileExtensionConnection.start(NewProfileExtensionConnection.java:122)&#13;
	... 31 more&#13;
&#13;
java.lang.NullPointerException&#13;
	at TST_CadastrarFormulario.TST_CadastrarFormulario.tearDown(TST_CadastrarFormulario.java:99)&#13;
	at sun.reflect.NativeMethodAccessorImpl.invoke0(Native Method)&#13;
	at sun.reflect.NativeMethodAccessorImpl.invoke(Unknown Source)&#13;
	at sun.reflect.DelegatingMethodAccessorImpl.invoke(Unknown Source)&#13;
	at java.lang.reflect.Method.invoke(Unknown Source)&#13;
	at org.junit.runners.model.FrameworkMethod$1.runReflectiveCall(FrameworkMethod.java:50)&#13;
	at org.junit.internal.runners.model.ReflectiveCallable.run(ReflectiveCallable.java:12)&#13;
	at org.junit.runners.model.FrameworkMethod.invokeExplosively(FrameworkMethod.java:47)&#13;
	at org.junit.internal.runners.statements.RunAfters.evaluate(RunAfters.java:33)&#13;
	at org.junit.runners.ParentRunner.runLeaf(ParentRunner.java:325)&#13;
	at org.junit.runners.BlockJUnit4ClassRunner.runChild(BlockJUnit4ClassRunner.java:78)&#13;
	at org.junit.runners.BlockJUnit4ClassRunner.runChild(BlockJUnit4ClassRunner.java:57)&#13;
	at org.junit.runners.ParentRunner$3.run(ParentRunner.java:290)&#13;
	at org.junit.runners.ParentRunner$1.schedule(ParentRunner.java:71)&#13;
	at org.junit.runners.ParentRunner.runChildren(ParentRunner.java:288)&#13;
	at org.junit.runners.ParentRunner.access$000(ParentRunner.java:58)&#13;
	at org.junit.runners.ParentRunner$2.evaluate(ParentRunner.java:268)&#13;
	at org.junit.runners.ParentRunner.run(ParentRunner.java:363)&#13;
	at org.eclipse.jdt.internal.junit4.runner.JUnit4TestReference.run(JUnit4TestReference.java:50)&#13;
	at org.eclipse.jdt.internal.junit.runner.TestExecution.run(TestExecution.java:38)&#13;
	at org.eclipse.jdt.internal.junit.runner.RemoteTestRunner.runTests(RemoteTestRunner.java:467)&#13;
	at org.eclipse.jdt.internal.junit.runner.RemoteTestRunner.runTests(RemoteTestRunner.java:683)&#13;
	at org.eclipse.jdt.internal.junit.runner.RemoteTestRunner.run(RemoteTestRunner.java:390)&#13;
	at org.eclipse.jdt.internal.junit.runner.RemoteTestRunner.main(RemoteTestRunner.java:197)&#13;
&#13;
</error>
    </testcase>
  </testsuite>
</testrun>
